<?xml version="1.0" encoding="UTF-8"?>
<!-- Generated by org.testng.reporters.JUnitXMLReporter -->
<testsuite ignored="0" hostname="ANABINA" failures="0" tests="3" name="Test" time="82.285" errors="0" timestamp="2022-05-25T13:39:06 IST">
  <testcase classname="testngActitime.projectModule1" name="createProject" time="0.121"/>
  <testcase classname="testngActitime.customerModule1" name="createCustomer" time="0.002"/>
  <testcase classname="testngActitime.TestCaseModule1" name="createTest" time="0.004"/>
</testsuite> <!-- Test -->
