<?xml version="1.0" encoding="UTF-8"?>
<!-- Generated by org.testng.reporters.JUnitXMLReporter -->
<testsuite ignored="2" hostname="ANABINA" failures="0" tests="2" name="Test2" time="48.438" errors="0" timestamp="2022-05-27T12:58:40 IST">
  <testcase classname="com.actitime.generic.BaseClassForActitime" name="@BeforeMethod login" time="0.001">
    <failure type="java.lang.NullPointerException" message="Cannot invoke &amp;quot;org.openqa.selenium.WebDriver.get(String)&amp;quot; because &amp;quot;this.driver&amp;quot; is null">
      <![CDATA[java.lang.NullPointerException: Cannot invoke "org.openqa.selenium.WebDriver.get(String)" because "this.driver" is null
at com.actitime.generic.BaseClassForActitime.login(BaseClassForActitime.java:41)
at java.base/java.util.ArrayList.forEach(ArrayList.java:1511)
at java.base/java.util.concurrent.FutureTask.run(FutureTask.java:264)
at java.base/java.util.concurrent.ThreadPoolExecutor.runWorker(ThreadPoolExecutor.java:1136)
at java.base/java.util.concurrent.ThreadPoolExecutor$Worker.run(ThreadPoolExecutor.java:635)
at java.base/java.lang.Thread.run(Thread.java:833)
... Removed 22 stack frames]]>
    </failure>
  </testcase> <!-- @BeforeMethod login -->
  <testcase classname="com.actitime.generic.BaseClassForActitime" name="@AfterMethod logout" time="-1.6536365091E9">
    <skipped/>
  </testcase> <!-- @AfterMethod logout -->
  <testcase classname="parallelExecutionCompatibility.Main_userModule" name="createUser" time="0.002"/>
  <testcase classname="parallelExecutionCompatibility.Main_taskModule" name="createTask" time="0.0">
    <skipped/>
  </testcase> <!-- createTask -->
  <testcase classname="com.actitime.generic.BaseClassForActitime" name="@BeforeTest openBrowser" time="0.0">
    <ignored/>
  </testcase> <!-- @BeforeTest openBrowser -->
  <testcase classname="com.actitime.generic.BaseClassForActitime" name="@AfterTest closeBrowser" time="0.0">
    <ignored/>
  </testcase> <!-- @AfterTest closeBrowser -->
</testsuite> <!-- Test2 -->
